Start training
Local-steps = 4 |#GPU = 2 |#Epochs= 20
Files already downloaded and verified
Files already downloaded and verified
Files already downloaded and verified
Files already downloaded and verified
GPU 0 epoch 0 Average Training time: 0.007649313430396878
GPU 1 epoch 0 Average Training time: 0.007754677412461261
*Acc@1 43.010 Acc@5 91.260
 
GPU 0 epoch 1 Average Training time: 0.003021566235289282
GPU 1 epoch 1 Average Training time: 0.0031250277344061403
*Acc@1 49.560 Acc@5 93.260
 
GPU 0 epoch 2 Average Training time: 0.0029390794890267508
GPU 1 epoch 2 Average Training time: 0.0032007292825348525
*Acc@1 56.210 Acc@5 94.350
 
GPU 0 epoch 3 Average Training time: 0.0031635213871391453
GPU 1 epoch 3 Average Training time: 0.0033125585439253828
*Acc@1 58.040 Acc@5 94.300
 
GPU 0 epoch 4 Average Training time: 0.003248962820792685
GPU 1 epoch 4 Average Training time: 0.0032934205872671945
*Acc@1 57.330 Acc@5 94.620
 
GPU 1 epoch 5 Average Training time: 0.003203615850331832
GPU 0 epoch 5 Average Training time: 0.003126405939763906
*Acc@1 58.110 Acc@5 94.620
 
GPU 0 epoch 6 Average Training time: 0.0030101768824518944
GPU 1 epoch 6 Average Training time: 0.0031314492225646973
*Acc@1 56.260 Acc@5 94.270
 
GPU 0 epoch 7 Average Training time: 0.0030759208056391502
GPU 1 epoch 7 Average Training time: 0.003274909087589809
*Acc@1 60.140 Acc@5 94.900
 
GPU 1 epoch 8 Average Training time: 0.0033217206293222855
GPU 0 epoch 8 Average Training time: 0.0030871362102274993
*Acc@1 60.070 Acc@5 94.930
 
GPU 0 epoch 9 Average Training time: 0.003171025490274235
GPU 1 epoch 9 Average Training time: 0.003228625472711057
*Acc@1 58.220 Acc@5 94.430
 
GPU 1 epoch 10 Average Training time: 0.003156945413472701
GPU 0 epoch 10 Average Training time: 0.003027294363294329
*Acc@1 59.270 Acc@5 94.570
 
GPU 1 epoch 11 Average Training time: 0.003307709888536103
GPU 0 epoch 11 Average Training time: 0.003184083773165333
*Acc@1 60.840 Acc@5 94.660
 
GPU 0 epoch 12 Average Training time: 0.002985259708093137
GPU 1 epoch 12 Average Training time: 0.003766591451605972
*Acc@1 57.610 Acc@5 93.940
 
GPU 0 epoch 13 Average Training time: 0.003040693244155572
GPU 1 epoch 13 Average Training time: 0.003403706210000174
*Acc@1 60.400 Acc@5 93.970
 
GPU 1 epoch 14 Average Training time: 0.003459099604158985
GPU 0 epoch 14 Average Training time: 0.002916184006905069
*Acc@1 59.800 Acc@5 94.270
 
GPU 0 epoch 15 Average Training time: 0.0030750449822873486
GPU 1 epoch 15 Average Training time: 0.003188011597613899
*Acc@1 58.810 Acc@5 93.960
 
GPU 1 epoch 16 Average Training time: 0.0031933310080547723
GPU 0 epoch 16 Average Training time: 0.0032660535403660367
*Acc@1 60.760 Acc@5 93.990
 
GPU 0 epoch 17 Average Training time: 0.003025078043645742
GPU 1 epoch 17 Average Training time: 0.003249782688763677
*Acc@1 58.760 Acc@5 93.710
 
GPU 0 epoch 18 Average Training time: 0.0030301395727663624
GPU 1 epoch 18 Average Training time: 0.003142263208116804
*Acc@1 59.070 Acc@5 93.500
 
GPU 0 epoch 19 Average Training time: 0.0031448335063700775
GPU 1 epoch 19 Average Training time: 0.0032026694745433573
GPU 1 avg training time: 3.496 ms per iteration
*Acc@1 61.080 Acc@5 93.810
 
GPU 0 avg training time: 3.309 ms per iteration
Best top1 accuracy tensor(61.0800, device='cuda:0') Best top5 accuracy tensor(94.9300, device='cuda:0')
