Start training
Local-steps = 1 |#GPU = 2 |#Epochs= 20
Files already downloaded and verified
Files already downloaded and verified
Files already downloaded and verified
Files already downloaded and verified
GPU 0 epoch 0 Average Training time: 0.008476475063635379
GPU 1 epoch 0 Average Training time: 0.008860620917106161
*Acc@1 40.200 Acc@5 89.440
 
GPU 0 epoch 1 Average Training time: 0.003611236202473543
GPU 1 epoch 1 Average Training time: 0.003497914392120984
*Acc@1 51.180 Acc@5 93.210
 
GPU 0 epoch 2 Average Training time: 0.003646348203931536
GPU 1 epoch 2 Average Training time: 0.0045111033381248005
*Acc@1 56.460 Acc@5 94.490
 
GPU 0 epoch 3 Average Training time: 0.0036881407912896604
GPU 1 epoch 3 Average Training time: 0.0034736771972811954
*Acc@1 56.780 Acc@5 94.430
 
GPU 0 epoch 4 Average Training time: 0.0036156080207046196
GPU 1 epoch 4 Average Training time: 0.004116602089940285
*Acc@1 57.740 Acc@5 94.100
 
GPU 1 epoch 5 Average Training time: 0.0034085998729783662
GPU 0 epoch 5 Average Training time: 0.0038522919830010862
*Acc@1 59.970 Acc@5 95.270
 
GPU 1 epoch 6 Average Training time: 0.0035055218910684392
GPU 0 epoch 6 Average Training time: 0.0036210685360188385
*Acc@1 60.000 Acc@5 94.540
 
GPU 0 epoch 7 Average Training time: 0.0042299567436685365
GPU 1 epoch 7 Average Training time: 0.003438959316331513
*Acc@1 61.680 Acc@5 94.690
 
GPU 0 epoch 8 Average Training time: 0.00372483170762354
GPU 1 epoch 8 Average Training time: 0.003997902480923399
*Acc@1 61.160 Acc@5 94.670
 
GPU 1 epoch 9 Average Training time: 0.003429407976111587
GPU 0 epoch 9 Average Training time: 0.003668845916280941
*Acc@1 62.050 Acc@5 94.880
 
GPU 0 epoch 10 Average Training time: 0.003606920339623276
GPU 1 epoch 10 Average Training time: 0.0034825777520938795
*Acc@1 59.990 Acc@5 94.550
 
GPU 1 epoch 11 Average Training time: 0.003573165864360576
GPU 0 epoch 11 Average Training time: 0.0036386665032834423
*Acc@1 60.620 Acc@5 94.520
 
GPU 1 epoch 12 Average Training time: 0.0035425704352709713
GPU 0 epoch 12 Average Training time: 0.0036533268130555445
*Acc@1 62.400 Acc@5 94.720
 
GPU 1 epoch 13 Average Training time: 0.0039024900416938626
GPU 0 epoch 13 Average Training time: 0.0035752690568262215
*Acc@1 60.080 Acc@5 94.200
 
GPU 0 epoch 14 Average Training time: 0.003566606920592639
GPU 1 epoch 14 Average Training time: 0.004131094533569959
*Acc@1 62.720 Acc@5 94.550
 
GPU 0 epoch 15 Average Training time: 0.0035315447924088457
GPU 1 epoch 15 Average Training time: 0.0036103409163805904
*Acc@1 62.270 Acc@5 94.430
 
GPU 1 epoch 16 Average Training time: 0.0034857027384699608
GPU 0 epoch 16 Average Training time: 0.003635562196069834
*Acc@1 58.590 Acc@5 93.350
 
GPU 0 epoch 17 Average Training time: 0.0035755682964714207
GPU 1 epoch 17 Average Training time: 0.004189554525881397
*Acc@1 59.490 Acc@5 93.600
 
GPU 0 epoch 18 Average Training time: 0.0037026271528127243
GPU 1 epoch 18 Average Training time: 0.003545757459134472
*Acc@1 60.880 Acc@5 93.920
 
GPU 0 epoch 19 Average Training time: 0.003610669350137516
GPU 1 epoch 19 Average Training time: 0.003607196467263358
GPU 1 avg training time: 3.966 ms per iteration
*Acc@1 61.110 Acc@5 94.290
 
GPU 0 avg training time: 3.912 ms per iteration
Best top1 accuracy tensor(62.7200, device='cuda:0') Best top5 accuracy tensor(95.2700, device='cuda:0')
